frontend/android/app/build/intermediates/manifest_merge_blame_file/release/manifest-merger-blame-release-report.txt
1<?xml version="1.0" encoding="utf-8"?>
2<manifest xmlns:android="http://schemas.android.com/apk/res/android"
3    package="com.zappy.app"
4    android:versionCode="1"
5    android:versionName="1.0" >
6
7    <uses-sdk
8        android:minSdkVersion="21"
8-->src\main\AndroidManifest.xml
9        android:targetSdkVersion="29" />
9-->src\main\AndroidManifest.xml
10
11    <!-- Permissions -->
12
13    <uses-permission android:name="android.permission.INTERNET" />
13-->src\main\AndroidManifest.xml:49:5-67
13-->src\main\AndroidManifest.xml:49:22-64
14    <!-- Camera, Photos, input file -->
15    <uses-permission android:name="android.permission.READ_EXTERNAL_STORAGE" />
15-->src\main\AndroidManifest.xml:51:5-79
15-->src\main\AndroidManifest.xml:51:22-77
16    <uses-permission android:name="android.permission.WRITE_EXTERNAL_STORAGE" />
16-->src\main\AndroidManifest.xml:52:5-81
16-->src\main\AndroidManifest.xml:52:22-78
17    <!-- Geolocation API -->
18    <uses-permission android:name="android.permission.ACCESS_COARSE_LOCATION" />
18-->src\main\AndroidManifest.xml:54:5-81
18-->src\main\AndroidManifest.xml:54:22-78
19    <uses-permission android:name="android.permission.ACCESS_FINE_LOCATION" />
19-->src\main\AndroidManifest.xml:55:5-79
19-->src\main\AndroidManifest.xml:55:22-76
20
21    <uses-feature android:name="android.hardware.location.gps" />
21-->src\main\AndroidManifest.xml:56:5-66
21-->src\main\AndroidManifest.xml:56:19-63
22    <!-- Network API -->
23    <uses-permission android:name="android.permission.ACCESS_NETWORK_STATE" />
23-->src\main\AndroidManifest.xml:58:5-79
23-->src\main\AndroidManifest.xml:58:22-76
24    <!-- Navigator.getUserMedia -->
25    <!-- Video -->
26    <uses-permission android:name="android.permission.CAMERA" />
26-->src\main\AndroidManifest.xml:61:5-65
26-->src\main\AndroidManifest.xml:61:22-62
27    <!-- Audio -->
28    <uses-permission android:name="android.permission.RECORD_AUDIO" />
28-->src\main\AndroidManifest.xml:63:5-71
28-->src\main\AndroidManifest.xml:63:22-68
29    <uses-permission android:name="android.permission.MODIFY_AUDIO_SETTINGS" />
29-->src\main\AndroidManifest.xml:64:5-79
29-->src\main\AndroidManifest.xml:64:22-77
30
31    <uses-feature
31-->[:capacitor-android] AndroidManifest.xml:11:5-13:36
32        android:name="android.hardware.camera"
32-->[:capacitor-android] AndroidManifest.xml:12:9-47
33        android:required="false" />
33-->[:capacitor-android] AndroidManifest.xml:13:9-33
34
35    <uses-permission android:name="android.permission.RECEIVE_BOOT_COMPLETED" />
35-->[:capacitor-android] AndroidManifest.xml:15:5-81
35-->[:capacitor-android] AndroidManifest.xml:15:22-78
36    <uses-permission android:name="android.permission.WAKE_LOCK" />
36-->[:capacitor-android] AndroidManifest.xml:16:5-68
36-->[:capacitor-android] AndroidManifest.xml:16:22-65
37    <uses-permission android:name="android.permission.USE_BIOMETRIC" />
37-->[:capacitor-cordova-android-plugins] AndroidManifest.xml:12:5-72
37-->[:capacitor-cordova-android-plugins] AndroidManifest.xml:12:22-69
38    <uses-permission android:name="android.permission.USE_FINGERPRINT" /> <!-- Required by older versions of Google Play services to create IID tokens -->
38-->[:capacitor-cordova-android-plugins] AndroidManifest.xml:13:5-74
38-->[:capacitor-cordova-android-plugins] AndroidManifest.xml:13:22-71
39    <uses-permission android:name="com.google.android.c2dm.permission.RECEIVE" />
39-->[com.google.firebase:firebase-iid:20.1.1] AndroidManifest.xml:26:5-82
39-->[com.google.firebase:firebase-iid:20.1.1] AndroidManifest.xml:26:22-79
40
41    <application
41-->src\main\AndroidManifest.xml:5:5-44:19
42        android:allowBackup="true"
42-->src\main\AndroidManifest.xml:7:9-35
43        android:appComponentFactory="androidx.core.app.CoreComponentFactory"
43-->[androidx.core:core:1.2.0] AndroidManifest.xml:24:18-86
44        android:icon="@mipmap/ic_launcher"
44-->src\main\AndroidManifest.xml:8:9-43
45        android:label="@string/app_name"
45-->src\main\AndroidManifest.xml:9:9-41
46        android:roundIcon="@mipmap/ic_launcher_round"
46-->src\main\AndroidManifest.xml:10:9-54
47        android:supportsRtl="true"
47-->src\main\AndroidManifest.xml:11:9-35
48        android:testOnly="true"
49        android:theme="@style/AppTheme"
49-->src\main\AndroidManifest.xml:12:9-40
50        android:usesCleartextTraffic="true" >
50-->src\main\AndroidManifest.xml:6:9-44
51        <activity
51-->src\main\AndroidManifest.xml:14:9-33:20
52            android:name="com.zappy.app.MainActivity"
52-->src\main\AndroidManifest.xml:16:13-54
53            android:configChanges="orientation|keyboardHidden|keyboard|screenSize|locale|smallestScreenSize|screenLayout|uiMode"
53-->src\main\AndroidManifest.xml:15:13-129
54            android:label="@string/title_activity_main"
54-->src\main\AndroidManifest.xml:17:13-56
55            android:launchMode="singleTask"
55-->src\main\AndroidManifest.xml:19:13-44
56            android:theme="@style/AppTheme.NoActionBarLaunch" >
56-->src\main\AndroidManifest.xml:18:13-62
57            <intent-filter>
57-->src\main\AndroidManifest.xml:21:13-24:29
58                <action android:name="android.intent.action.MAIN" />
58-->src\main\AndroidManifest.xml:22:17-69
58-->src\main\AndroidManifest.xml:22:25-66
59
60                <category android:name="android.intent.category.LAUNCHER" />
60-->src\main\AndroidManifest.xml:23:17-77
60-->src\main\AndroidManifest.xml:23:27-74
61            </intent-filter>
62            <intent-filter>
62-->src\main\AndroidManifest.xml:26:13-31:29
63                <action android:name="android.intent.action.VIEW" />
63-->src\main\AndroidManifest.xml:27:17-69
63-->src\main\AndroidManifest.xml:27:25-66
64
65                <category android:name="android.intent.category.DEFAULT" />
65-->src\main\AndroidManifest.xml:28:17-76
65-->src\main\AndroidManifest.xml:28:27-73
66                <category android:name="android.intent.category.BROWSABLE" />
66-->src\main\AndroidManifest.xml:29:17-78
66-->src\main\AndroidManifest.xml:29:27-75
67
68                <data android:scheme="@string/custom_url_scheme" />
68-->src\main\AndroidManifest.xml:30:17-68
68-->src\main\AndroidManifest.xml:30:23-65
69            </intent-filter>
70        </activity>
71
72        <provider
73            android:name="androidx.core.content.FileProvider"
73-->src\main\AndroidManifest.xml:36:13-62
74            android:authorities="com.zappy.app.fileprovider"
74-->src\main\AndroidManifest.xml:37:13-64
75            android:exported="false"
75-->src\main\AndroidManifest.xml:38:13-37
76            android:grantUriPermissions="true" >
76-->src\main\AndroidManifest.xml:39:13-47
77            <meta-data
77-->src\main\AndroidManifest.xml:40:13-42:64
78                android:name="android.support.FILE_PROVIDER_PATHS"
78-->src\main\AndroidManifest.xml:41:17-67
79                android:resource="@xml/file_paths" />
79-->src\main\AndroidManifest.xml:42:17-51
80        </provider>
81
82        <service
82-->[:capacitor-android] AndroidManifest.xml:19:9-21:40
83            android:name="com.getcapacitor.plugin.background.BackgroundTaskService"
83-->[:capacitor-android] AndroidManifest.xml:20:13-84
84            android:exported="false" />
84-->[:capacitor-android] AndroidManifest.xml:21:13-37
85
86        <receiver android:name="com.getcapacitor.plugin.notification.TimedNotificationPublisher" />
86-->[:capacitor-android] AndroidManifest.xml:23:9-100
86-->[:capacitor-android] AndroidManifest.xml:23:19-97
87        <receiver android:name="com.getcapacitor.plugin.notification.NotificationDismissReceiver" />
87-->[:capacitor-android] AndroidManifest.xml:24:9-101
87-->[:capacitor-android] AndroidManifest.xml:24:19-98
88
89        <meta-data
89-->[:capacitor-android] AndroidManifest.xml:26:9-28:37
90            android:name="firebase_messaging_auto_init_enabled"
90-->[:capacitor-android] AndroidManifest.xml:27:13-64
91            android:value="false" />
91-->[:capacitor-android] AndroidManifest.xml:28:13-34
92
93        <service
93-->[:capacitor-android] AndroidManifest.xml:30:9-36:19
94            android:name="com.getcapacitor.CapacitorFirebaseMessagingService"
94-->[:capacitor-android] AndroidManifest.xml:31:13-78
95            android:stopWithTask="false" >
95-->[:capacitor-android] AndroidManifest.xml:32:13-41
96            <intent-filter>
96-->[:capacitor-android] AndroidManifest.xml:33:13-35:29
97                <action android:name="com.google.firebase.MESSAGING_EVENT" />
97-->[:capacitor-android] AndroidManifest.xml:34:17-78
97-->[:capacitor-android] AndroidManifest.xml:34:25-75
98            </intent-filter>
99        </service>
100
101        <receiver
101-->[:capacitor-android] AndroidManifest.xml:38:9-47:20
102            android:name="com.getcapacitor.plugin.notification.LocalNotificationRestoreReceiver"
102-->[:capacitor-android] AndroidManifest.xml:39:13-97
103            android:directBootAware="true"
103-->[:capacitor-android] AndroidManifest.xml:40:13-43
104            android:exported="false" >
104-->[:capacitor-android] AndroidManifest.xml:41:13-37
105            <intent-filter>
105-->[:capacitor-android] AndroidManifest.xml:42:13-46:29
106                <action android:name="android.intent.action.LOCKED_BOOT_COMPLETED" />
106-->[:capacitor-android] AndroidManifest.xml:43:17-86
106-->[:capacitor-android] AndroidManifest.xml:43:25-83
107                <action android:name="android.intent.action.BOOT_COMPLETED" />
107-->[:capacitor-android] AndroidManifest.xml:44:17-79
107-->[:capacitor-android] AndroidManifest.xml:44:25-76
108                <action android:name="android.intent.action.QUICKBOOT_POWERON" />
108-->[:capacitor-android] AndroidManifest.xml:45:17-82
108-->[:capacitor-android] AndroidManifest.xml:45:25-79
109            </intent-filter>
110        </receiver>
111
112        <activity
112-->[:capacitor-cordova-android-plugins] AndroidManifest.xml:16:9-19:55
113            android:name="de.niklasmerz.cordova.biometric.BiometricActivity"
113-->[:capacitor-cordova-android-plugins] AndroidManifest.xml:17:13-77
114            android:exported="true"
114-->[:capacitor-cordova-android-plugins] AndroidManifest.xml:18:13-36
115            android:theme="@style/TransparentTheme" />
115-->[:capacitor-cordova-android-plugins] AndroidManifest.xml:19:13-52
116        <activity
116-->[androidx.biometric:biometric:1.0.1] AndroidManifest.xml:28:9-31:67
117            android:name="androidx.biometric.DeviceCredentialHandlerActivity"
117-->[androidx.biometric:biometric:1.0.1] AndroidManifest.xml:29:13-78
118            android:exported="true"
118-->[androidx.biometric:biometric:1.0.1] AndroidManifest.xml:30:13-36
119            android:theme="@style/DeviceCredentialHandlerTheme" />
119-->[androidx.biometric:biometric:1.0.1] AndroidManifest.xml:31:13-64
120        <!--
121             FirebaseMessagingService performs security checks at runtime,
122             but set to not exported to explicitly avoid allowing another app to call it.
123        -->
124        <service
124-->[com.google.firebase:firebase-messaging:20.1.2] AndroidManifest.xml:28:9-34:19
125            android:name="com.google.firebase.messaging.FirebaseMessagingService"
125-->[com.google.firebase:firebase-messaging:20.1.2] AndroidManifest.xml:29:13-82
126            android:exported="false" >
126-->[com.google.firebase:firebase-messaging:20.1.2] AndroidManifest.xml:30:13-37
127            <intent-filter android:priority="-500" >
127-->[:capacitor-android] AndroidManifest.xml:33:13-35:29
128                <action android:name="com.google.firebase.MESSAGING_EVENT" />
128-->[:capacitor-android] AndroidManifest.xml:34:17-78
128-->[:capacitor-android] AndroidManifest.xml:34:25-75
129            </intent-filter>
130        </service>
131        <service
131-->[com.google.firebase:firebase-messaging:20.1.2] AndroidManifest.xml:35:9-41:19
132            android:name="com.google.firebase.components.ComponentDiscoveryService"
132-->[com.google.firebase:firebase-messaging:20.1.2] AndroidManifest.xml:36:13-84
133            android:directBootAware="true"
133-->[com.google.firebase:firebase-common:19.3.0] AndroidManifest.xml:34:13-43
134            android:exported="false" >
134-->[com.google.firebase:firebase-messaging:20.1.2] AndroidManifest.xml:37:13-37
135            <meta-data
135-->[com.google.firebase:firebase-messaging:20.1.2] AndroidManifest.xml:38:13-40:85
136                android:name="com.google.firebase.components:com.google.firebase.messaging.FirebaseMessagingRegistrar"
136-->[com.google.firebase:firebase-messaging:20.1.2] AndroidManifest.xml:39:17-119
137                android:value="com.google.firebase.components.ComponentRegistrar" />
137-->[com.google.firebase:firebase-messaging:20.1.2] AndroidManifest.xml:40:17-82
138            <meta-data
138-->[com.google.firebase:firebase-datatransport:17.0.3] AndroidManifest.xml:28:13-30:85
139                android:name="com.google.firebase.components:com.google.firebase.datatransport.TransportRegistrar"
139-->[com.google.firebase:firebase-datatransport:17.0.3] AndroidManifest.xml:29:17-115
140                android:value="com.google.firebase.components.ComponentRegistrar" />
140-->[com.google.firebase:firebase-datatransport:17.0.3] AndroidManifest.xml:30:17-82
141            <meta-data
141-->[com.google.firebase:firebase-iid:20.1.1] AndroidManifest.xml:32:13-34:85
142                android:name="com.google.firebase.components:com.google.firebase.iid.Registrar"
142-->[com.google.firebase:firebase-iid:20.1.1] AndroidManifest.xml:33:17-96
143                android:value="com.google.firebase.components.ComponentRegistrar" />
143-->[com.google.firebase:firebase-iid:20.1.1] AndroidManifest.xml:34:17-82
144            <meta-data
144-->[com.google.firebase:firebase-installations:16.0.0] AndroidManifest.xml:17:13-19:85
145                android:name="com.google.firebase.components:com.google.firebase.installations.FirebaseInstallationsRegistrar"
145-->[com.google.firebase:firebase-installations:16.0.0] AndroidManifest.xml:18:17-127
146                android:value="com.google.firebase.components.ComponentRegistrar" />
146-->[com.google.firebase:firebase-installations:16.0.0] AndroidManifest.xml:19:17-82
147        </service>
148
149        <receiver
149-->[com.google.firebase:firebase-iid:20.1.1] AndroidManifest.xml:37:9-44:20
150            android:name="com.google.firebase.iid.FirebaseInstanceIdReceiver"
150-->[com.google.firebase:firebase-iid:20.1.1] AndroidManifest.xml:38:13-78
151            android:exported="true"
151-->[com.google.firebase:firebase-iid:20.1.1] AndroidManifest.xml:39:13-36
152            android:permission="com.google.android.c2dm.permission.SEND" >
152-->[com.google.firebase:firebase-iid:20.1.1] AndroidManifest.xml:40:13-73
153            <intent-filter>
153-->[com.google.firebase:firebase-iid:20.1.1] AndroidManifest.xml:41:13-43:29
154                <action android:name="com.google.android.c2dm.intent.RECEIVE" />
154-->[com.google.firebase:firebase-iid:20.1.1] AndroidManifest.xml:42:17-81
154-->[com.google.firebase:firebase-iid:20.1.1] AndroidManifest.xml:42:25-78
155            </intent-filter>
156        </receiver>
157
158        <provider
158-->[com.google.firebase:firebase-common:19.3.0] AndroidManifest.xml:26:9-30:39
159            android:name="com.google.firebase.provider.FirebaseInitProvider"
159-->[com.google.firebase:firebase-common:19.3.0] AndroidManifest.xml:27:13-77
160            android:authorities="com.zappy.app.firebaseinitprovider"
160-->[com.google.firebase:firebase-common:19.3.0] AndroidManifest.xml:28:13-72
161            android:exported="false"
161-->[com.google.firebase:firebase-common:19.3.0] AndroidManifest.xml:29:13-37
162            android:initOrder="100" />
162-->[com.google.firebase:firebase-common:19.3.0] AndroidManifest.xml:30:13-36
163
164        <activity
164-->[com.google.android.gms:play-services-base:17.0.0] AndroidManifest.xml:23:9-26:75
165            android:name="com.google.android.gms.common.api.GoogleApiActivity"
165-->[com.google.android.gms:play-services-base:17.0.0] AndroidManifest.xml:24:13-79
166            android:exported="false"
166-->[com.google.android.gms:play-services-base:17.0.0] AndroidManifest.xml:25:13-37
167            android:theme="@android:style/Theme.Translucent.NoTitleBar" />
167-->[com.google.android.gms:play-services-base:17.0.0] AndroidManifest.xml:26:13-72
168
169        <meta-data
169-->[com.google.android.gms:play-services-basement:17.0.0] AndroidManifest.xml:23:9-25:69
170            android:name="com.google.android.gms.version"
170-->[com.google.android.gms:play-services-basement:17.0.0] AndroidManifest.xml:24:13-58
171            android:value="@integer/google_play_services_version" />
171-->[com.google.android.gms:play-services-basement:17.0.0] AndroidManifest.xml:25:13-66
172
173        <service
173-->[com.google.android.datatransport:transport-backend-cct:2.2.0] AndroidManifest.xml:29:9-35:19
174            android:name="com.google.android.datatransport.runtime.backends.TransportBackendDiscovery"
174-->[com.google.android.datatransport:transport-backend-cct:2.2.0] AndroidManifest.xml:30:13-103
175            android:exported="false" >
175-->[com.google.android.datatransport:transport-backend-cct:2.2.0] AndroidManifest.xml:31:13-37
176            <meta-data
176-->[com.google.android.datatransport:transport-backend-cct:2.2.0] AndroidManifest.xml:32:13-34:39
177                android:name="backend:com.google.android.datatransport.cct.CctBackendFactory"
177-->[com.google.android.datatransport:transport-backend-cct:2.2.0] AndroidManifest.xml:33:17-94
178                android:value="cct" />
178-->[com.google.android.datatransport:transport-backend-cct:2.2.0] AndroidManifest.xml:34:17-36
179        </service>
180        <service
180-->[com.google.android.datatransport:transport-runtime:2.2.0] AndroidManifest.xml:26:9-30:19
181            android:name="com.google.android.datatransport.runtime.scheduling.jobscheduling.JobInfoSchedulerService"
181-->[com.google.android.datatransport:transport-runtime:2.2.0] AndroidManifest.xml:27:13-117
182            android:exported="false"
182-->[com.google.android.datatransport:transport-runtime:2.2.0] AndroidManifest.xml:28:13-37
183            android:permission="android.permission.BIND_JOB_SERVICE" >
183-->[com.google.android.datatransport:transport-runtime:2.2.0] AndroidManifest.xml:29:13-69
184        </service>
185
186        <receiver
186-->[com.google.android.datatransport:transport-runtime:2.2.0] AndroidManifest.xml:32:9-34:40
187            android:name="com.google.android.datatransport.runtime.scheduling.jobscheduling.AlarmManagerSchedulerBroadcastReceiver"
187-->[com.google.android.datatransport:transport-runtime:2.2.0] AndroidManifest.xml:33:13-132
188            android:exported="false" />
188-->[com.google.android.datatransport:transport-runtime:2.2.0] AndroidManifest.xml:34:13-37
189    </application>
190
191</manifest>